ERROR - 2022-05-26 15:54:24 --> You have an error in your SQL syntax; check the manual that corresponds to your MySQL server version for the right syntax to use near ')' at line 3
CRITICAL - 2022-05-26 15:54:24 --> You have an error in your SQL syntax; check the manual that corresponds to your MySQL server version for the right syntax to use near ')' at line 3
#0 C:\wamp64\www\congresso\system\Database\MySQLi\Connection.php(292): mysqli->query('SELECT `paragra...', 0)
#1 C:\wamp64\www\congresso\system\Database\BaseConnection.php(670): CodeIgniter\Database\MySQLi\Connection->execute('SELECT `paragra...')
#2 C:\wamp64\www\congresso\system\Database\BaseConnection.php(598): CodeIgniter\Database\BaseConnection->simpleQuery('SELECT `paragra...')
#3 C:\wamp64\www\congresso\system\Database\BaseBuilder.php(1455): CodeIgniter\Database\BaseConnection->query('SELECT `paragra...', Array, false)
#4 C:\wamp64\www\congresso\system\Model.php(145): CodeIgniter\Database\BaseBuilder->get()
#5 C:\wamp64\www\congresso\system\BaseModel.php(523): CodeIgniter\Model->doFind(false, NULL)
#6 C:\wamp64\www\congresso\app\Controllers\Ajax.php(16): CodeIgniter\BaseModel->find()
#7 C:\wamp64\www\congresso\system\CodeIgniter.php(832): App\Controllers\Ajax->index()
#8 C:\wamp64\www\congresso\system\CodeIgniter.php(419): CodeIgniter\CodeIgniter->runController(Object(App\Controllers\Ajax))
#9 C:\wamp64\www\congresso\system\CodeIgniter.php(326): CodeIgniter\CodeIgniter->handleRequest(NULL, Object(Config\Cache), false)
#10 C:\wamp64\www\congresso\public\index.php(37): CodeIgniter\CodeIgniter->run()
#11 {main}
ERROR - 2022-05-26 15:55:08 --> You have an error in your SQL syntax; check the manual that corresponds to your MySQL server version for the right syntax to use near ')' at line 3
CRITICAL - 2022-05-26 15:55:08 --> You have an error in your SQL syntax; check the manual that corresponds to your MySQL server version for the right syntax to use near ')' at line 3
#0 C:\wamp64\www\congresso\system\Database\MySQLi\Connection.php(292): mysqli->query('SELECT `paragra...', 0)
#1 C:\wamp64\www\congresso\system\Database\BaseConnection.php(670): CodeIgniter\Database\MySQLi\Connection->execute('SELECT `paragra...')
#2 C:\wamp64\www\congresso\system\Database\BaseConnection.php(598): CodeIgniter\Database\BaseConnection->simpleQuery('SELECT `paragra...')
#3 C:\wamp64\www\congresso\system\Database\BaseBuilder.php(1455): CodeIgniter\Database\BaseConnection->query('SELECT `paragra...', Array, false)
#4 C:\wamp64\www\congresso\system\Model.php(145): CodeIgniter\Database\BaseBuilder->get()
#5 C:\wamp64\www\congresso\system\BaseModel.php(523): CodeIgniter\Model->doFind(false, NULL)
#6 C:\wamp64\www\congresso\app\Controllers\Ajax.php(16): CodeIgniter\BaseModel->find()
#7 C:\wamp64\www\congresso\system\CodeIgniter.php(832): App\Controllers\Ajax->index()
#8 C:\wamp64\www\congresso\system\CodeIgniter.php(419): CodeIgniter\CodeIgniter->runController(Object(App\Controllers\Ajax))
#9 C:\wamp64\www\congresso\system\CodeIgniter.php(326): CodeIgniter\CodeIgniter->handleRequest(NULL, Object(Config\Cache), false)
#10 C:\wamp64\www\congresso\public\index.php(37): CodeIgniter\CodeIgniter->run()
#11 {main}
ERROR - 2022-05-26 15:55:59 --> You have an error in your SQL syntax; check the manual that corresponds to your MySQL server version for the right syntax to use near ')' at line 3
CRITICAL - 2022-05-26 15:55:59 --> You have an error in your SQL syntax; check the manual that corresponds to your MySQL server version for the right syntax to use near ')' at line 3
#0 C:\wamp64\www\congresso\system\Database\MySQLi\Connection.php(292): mysqli->query('SELECT `paragra...', 0)
#1 C:\wamp64\www\congresso\system\Database\BaseConnection.php(670): CodeIgniter\Database\MySQLi\Connection->execute('SELECT `paragra...')
#2 C:\wamp64\www\congresso\system\Database\BaseConnection.php(598): CodeIgniter\Database\BaseConnection->simpleQuery('SELECT `paragra...')
#3 C:\wamp64\www\congresso\system\Database\BaseBuilder.php(1455): CodeIgniter\Database\BaseConnection->query('SELECT `paragra...', Array, false)
#4 C:\wamp64\www\congresso\system\Model.php(145): CodeIgniter\Database\BaseBuilder->get()
#5 C:\wamp64\www\congresso\system\BaseModel.php(523): CodeIgniter\Model->doFind(false, NULL)
#6 C:\wamp64\www\congresso\app\Controllers\Ajax.php(16): CodeIgniter\BaseModel->find()
#7 C:\wamp64\www\congresso\system\CodeIgniter.php(832): App\Controllers\Ajax->index()
#8 C:\wamp64\www\congresso\system\CodeIgniter.php(419): CodeIgniter\CodeIgniter->runController(Object(App\Controllers\Ajax))
#9 C:\wamp64\www\congresso\system\CodeIgniter.php(326): CodeIgniter\CodeIgniter->handleRequest(NULL, Object(Config\Cache), false)
#10 C:\wamp64\www\congresso\public\index.php(37): CodeIgniter\CodeIgniter->run()
#11 {main}
ERROR - 2022-05-26 15:56:24 --> You have an error in your SQL syntax; check the manual that corresponds to your MySQL server version for the right syntax to use near ')' at line 3
CRITICAL - 2022-05-26 15:56:24 --> You have an error in your SQL syntax; check the manual that corresponds to your MySQL server version for the right syntax to use near ')' at line 3
#0 C:\wamp64\www\congresso\system\Database\MySQLi\Connection.php(292): mysqli->query('SELECT `paragra...', 0)
#1 C:\wamp64\www\congresso\system\Database\BaseConnection.php(670): CodeIgniter\Database\MySQLi\Connection->execute('SELECT `paragra...')
#2 C:\wamp64\www\congresso\system\Database\BaseConnection.php(598): CodeIgniter\Database\BaseConnection->simpleQuery('SELECT `paragra...')
#3 C:\wamp64\www\congresso\system\Database\BaseBuilder.php(1455): CodeIgniter\Database\BaseConnection->query('SELECT `paragra...', Array, false)
#4 C:\wamp64\www\congresso\system\Model.php(145): CodeIgniter\Database\BaseBuilder->get()
#5 C:\wamp64\www\congresso\system\BaseModel.php(523): CodeIgniter\Model->doFind(false, NULL)
#6 C:\wamp64\www\congresso\app\Controllers\Ajax.php(16): CodeIgniter\BaseModel->find()
#7 C:\wamp64\www\congresso\system\CodeIgniter.php(832): App\Controllers\Ajax->index()
#8 C:\wamp64\www\congresso\system\CodeIgniter.php(419): CodeIgniter\CodeIgniter->runController(Object(App\Controllers\Ajax))
#9 C:\wamp64\www\congresso\system\CodeIgniter.php(326): CodeIgniter\CodeIgniter->handleRequest(NULL, Object(Config\Cache), false)
#10 C:\wamp64\www\congresso\public\index.php(37): CodeIgniter\CodeIgniter->run()
#11 {main}
ERROR - 2022-05-26 15:56:25 --> You have an error in your SQL syntax; check the manual that corresponds to your MySQL server version for the right syntax to use near ')' at line 3
CRITICAL - 2022-05-26 15:56:25 --> You have an error in your SQL syntax; check the manual that corresponds to your MySQL server version for the right syntax to use near ')' at line 3
#0 C:\wamp64\www\congresso\system\Database\MySQLi\Connection.php(292): mysqli->query('SELECT `paragra...', 0)
#1 C:\wamp64\www\congresso\system\Database\BaseConnection.php(670): CodeIgniter\Database\MySQLi\Connection->execute('SELECT `paragra...')
#2 C:\wamp64\www\congresso\system\Database\BaseConnection.php(598): CodeIgniter\Database\BaseConnection->simpleQuery('SELECT `paragra...')
#3 C:\wamp64\www\congresso\system\Database\BaseBuilder.php(1455): CodeIgniter\Database\BaseConnection->query('SELECT `paragra...', Array, false)
#4 C:\wamp64\www\congresso\system\Model.php(145): CodeIgniter\Database\BaseBuilder->get()
#5 C:\wamp64\www\congresso\system\BaseModel.php(523): CodeIgniter\Model->doFind(false, NULL)
#6 C:\wamp64\www\congresso\app\Controllers\Ajax.php(16): CodeIgniter\BaseModel->find()
#7 C:\wamp64\www\congresso\system\CodeIgniter.php(832): App\Controllers\Ajax->index()
#8 C:\wamp64\www\congresso\system\CodeIgniter.php(419): CodeIgniter\CodeIgniter->runController(Object(App\Controllers\Ajax))
#9 C:\wamp64\www\congresso\system\CodeIgniter.php(326): CodeIgniter\CodeIgniter->handleRequest(NULL, Object(Config\Cache), false)
#10 C:\wamp64\www\congresso\public\index.php(37): CodeIgniter\CodeIgniter->run()
#11 {main}
ERROR - 2022-05-26 15:57:39 --> You have an error in your SQL syntax; check the manual that corresponds to your MySQL server version for the right syntax to use near ')' at line 3
CRITICAL - 2022-05-26 15:57:39 --> You have an error in your SQL syntax; check the manual that corresponds to your MySQL server version for the right syntax to use near ')' at line 3
#0 C:\wamp64\www\congresso\system\Database\MySQLi\Connection.php(292): mysqli->query('SELECT `paragra...', 0)
#1 C:\wamp64\www\congresso\system\Database\BaseConnection.php(670): CodeIgniter\Database\MySQLi\Connection->execute('SELECT `paragra...')
#2 C:\wamp64\www\congresso\system\Database\BaseConnection.php(598): CodeIgniter\Database\BaseConnection->simpleQuery('SELECT `paragra...')
#3 C:\wamp64\www\congresso\system\Database\BaseBuilder.php(1455): CodeIgniter\Database\BaseConnection->query('SELECT `paragra...', Array, false)
#4 C:\wamp64\www\congresso\system\Model.php(145): CodeIgniter\Database\BaseBuilder->get()
#5 C:\wamp64\www\congresso\system\BaseModel.php(523): CodeIgniter\Model->doFind(false, NULL)
#6 C:\wamp64\www\congresso\app\Controllers\Ajax.php(16): CodeIgniter\BaseModel->find()
#7 C:\wamp64\www\congresso\system\CodeIgniter.php(832): App\Controllers\Ajax->index()
#8 C:\wamp64\www\congresso\system\CodeIgniter.php(419): CodeIgniter\CodeIgniter->runController(Object(App\Controllers\Ajax))
#9 C:\wamp64\www\congresso\system\CodeIgniter.php(326): CodeIgniter\CodeIgniter->handleRequest(NULL, Object(Config\Cache), false)
#10 C:\wamp64\www\congresso\public\index.php(37): CodeIgniter\CodeIgniter->run()
#11 {main}
ERROR - 2022-05-26 15:57:41 --> You have an error in your SQL syntax; check the manual that corresponds to your MySQL server version for the right syntax to use near ')' at line 3
CRITICAL - 2022-05-26 15:57:41 --> You have an error in your SQL syntax; check the manual that corresponds to your MySQL server version for the right syntax to use near ')' at line 3
#0 C:\wamp64\www\congresso\system\Database\MySQLi\Connection.php(292): mysqli->query('SELECT `paragra...', 0)
#1 C:\wamp64\www\congresso\system\Database\BaseConnection.php(670): CodeIgniter\Database\MySQLi\Connection->execute('SELECT `paragra...')
#2 C:\wamp64\www\congresso\system\Database\BaseConnection.php(598): CodeIgniter\Database\BaseConnection->simpleQuery('SELECT `paragra...')
#3 C:\wamp64\www\congresso\system\Database\BaseBuilder.php(1455): CodeIgniter\Database\BaseConnection->query('SELECT `paragra...', Array, false)
#4 C:\wamp64\www\congresso\system\Model.php(145): CodeIgniter\Database\BaseBuilder->get()
#5 C:\wamp64\www\congresso\system\BaseModel.php(523): CodeIgniter\Model->doFind(false, NULL)
#6 C:\wamp64\www\congresso\app\Controllers\Ajax.php(16): CodeIgniter\BaseModel->find()
#7 C:\wamp64\www\congresso\system\CodeIgniter.php(832): App\Controllers\Ajax->index()
#8 C:\wamp64\www\congresso\system\CodeIgniter.php(419): CodeIgniter\CodeIgniter->runController(Object(App\Controllers\Ajax))
#9 C:\wamp64\www\congresso\system\CodeIgniter.php(326): CodeIgniter\CodeIgniter->handleRequest(NULL, Object(Config\Cache), false)
#10 C:\wamp64\www\congresso\public\index.php(37): CodeIgniter\CodeIgniter->run()
#11 {main}
ERROR - 2022-05-26 15:57:41 --> You have an error in your SQL syntax; check the manual that corresponds to your MySQL server version for the right syntax to use near ')' at line 3
CRITICAL - 2022-05-26 15:57:41 --> You have an error in your SQL syntax; check the manual that corresponds to your MySQL server version for the right syntax to use near ')' at line 3
#0 C:\wamp64\www\congresso\system\Database\MySQLi\Connection.php(292): mysqli->query('SELECT `paragra...', 0)
#1 C:\wamp64\www\congresso\system\Database\BaseConnection.php(670): CodeIgniter\Database\MySQLi\Connection->execute('SELECT `paragra...')
#2 C:\wamp64\www\congresso\system\Database\BaseConnection.php(598): CodeIgniter\Database\BaseConnection->simpleQuery('SELECT `paragra...')
#3 C:\wamp64\www\congresso\system\Database\BaseBuilder.php(1455): CodeIgniter\Database\BaseConnection->query('SELECT `paragra...', Array, false)
#4 C:\wamp64\www\congresso\system\Model.php(145): CodeIgniter\Database\BaseBuilder->get()
#5 C:\wamp64\www\congresso\system\BaseModel.php(523): CodeIgniter\Model->doFind(false, NULL)
#6 C:\wamp64\www\congresso\app\Controllers\Ajax.php(16): CodeIgniter\BaseModel->find()
#7 C:\wamp64\www\congresso\system\CodeIgniter.php(832): App\Controllers\Ajax->index()
#8 C:\wamp64\www\congresso\system\CodeIgniter.php(419): CodeIgniter\CodeIgniter->runController(Object(App\Controllers\Ajax))
#9 C:\wamp64\www\congresso\system\CodeIgniter.php(326): CodeIgniter\CodeIgniter->handleRequest(NULL, Object(Config\Cache), false)
#10 C:\wamp64\www\congresso\public\index.php(37): CodeIgniter\CodeIgniter->run()
#11 {main}
ERROR - 2022-05-26 15:57:41 --> You have an error in your SQL syntax; check the manual that corresponds to your MySQL server version for the right syntax to use near ')' at line 3
CRITICAL - 2022-05-26 15:57:41 --> You have an error in your SQL syntax; check the manual that corresponds to your MySQL server version for the right syntax to use near ')' at line 3
#0 C:\wamp64\www\congresso\system\Database\MySQLi\Connection.php(292): mysqli->query('SELECT `paragra...', 0)
#1 C:\wamp64\www\congresso\system\Database\BaseConnection.php(670): CodeIgniter\Database\MySQLi\Connection->execute('SELECT `paragra...')
#2 C:\wamp64\www\congresso\system\Database\BaseConnection.php(598): CodeIgniter\Database\BaseConnection->simpleQuery('SELECT `paragra...')
#3 C:\wamp64\www\congresso\system\Database\BaseBuilder.php(1455): CodeIgniter\Database\BaseConnection->query('SELECT `paragra...', Array, false)
#4 C:\wamp64\www\congresso\system\Model.php(145): CodeIgniter\Database\BaseBuilder->get()
#5 C:\wamp64\www\congresso\system\BaseModel.php(523): CodeIgniter\Model->doFind(false, NULL)
#6 C:\wamp64\www\congresso\app\Controllers\Ajax.php(16): CodeIgniter\BaseModel->find()
#7 C:\wamp64\www\congresso\system\CodeIgniter.php(832): App\Controllers\Ajax->index()
#8 C:\wamp64\www\congresso\system\CodeIgniter.php(419): CodeIgniter\CodeIgniter->runController(Object(App\Controllers\Ajax))
#9 C:\wamp64\www\congresso\system\CodeIgniter.php(326): CodeIgniter\CodeIgniter->handleRequest(NULL, Object(Config\Cache), false)
#10 C:\wamp64\www\congresso\public\index.php(37): CodeIgniter\CodeIgniter->run()
#11 {main}
ERROR - 2022-05-26 15:58:18 --> You have an error in your SQL syntax; check the manual that corresponds to your MySQL server version for the right syntax to use near ')' at line 3
CRITICAL - 2022-05-26 15:58:18 --> You have an error in your SQL syntax; check the manual that corresponds to your MySQL server version for the right syntax to use near ')' at line 3
#0 C:\wamp64\www\congresso\system\Database\MySQLi\Connection.php(292): mysqli->query('SELECT `paragra...', 0)
#1 C:\wamp64\www\congresso\system\Database\BaseConnection.php(670): CodeIgniter\Database\MySQLi\Connection->execute('SELECT `paragra...')
#2 C:\wamp64\www\congresso\system\Database\BaseConnection.php(598): CodeIgniter\Database\BaseConnection->simpleQuery('SELECT `paragra...')
#3 C:\wamp64\www\congresso\system\Database\BaseBuilder.php(1455): CodeIgniter\Database\BaseConnection->query('SELECT `paragra...', Array, false)
#4 C:\wamp64\www\congresso\system\Model.php(145): CodeIgniter\Database\BaseBuilder->get()
#5 C:\wamp64\www\congresso\system\BaseModel.php(523): CodeIgniter\Model->doFind(false, NULL)
#6 C:\wamp64\www\congresso\app\Controllers\Ajax.php(16): CodeIgniter\BaseModel->find()
#7 C:\wamp64\www\congresso\system\CodeIgniter.php(832): App\Controllers\Ajax->index()
#8 C:\wamp64\www\congresso\system\CodeIgniter.php(419): CodeIgniter\CodeIgniter->runController(Object(App\Controllers\Ajax))
#9 C:\wamp64\www\congresso\system\CodeIgniter.php(326): CodeIgniter\CodeIgniter->handleRequest(NULL, Object(Config\Cache), false)
#10 C:\wamp64\www\congresso\public\index.php(37): CodeIgniter\CodeIgniter->run()
#11 {main}
ERROR - 2022-05-26 15:58:19 --> You have an error in your SQL syntax; check the manual that corresponds to your MySQL server version for the right syntax to use near ')' at line 3
CRITICAL - 2022-05-26 15:58:19 --> You have an error in your SQL syntax; check the manual that corresponds to your MySQL server version for the right syntax to use near ')' at line 3
#0 C:\wamp64\www\congresso\system\Database\MySQLi\Connection.php(292): mysqli->query('SELECT `paragra...', 0)
#1 C:\wamp64\www\congresso\system\Database\BaseConnection.php(670): CodeIgniter\Database\MySQLi\Connection->execute('SELECT `paragra...')
#2 C:\wamp64\www\congresso\system\Database\BaseConnection.php(598): CodeIgniter\Database\BaseConnection->simpleQuery('SELECT `paragra...')
#3 C:\wamp64\www\congresso\system\Database\BaseBuilder.php(1455): CodeIgniter\Database\BaseConnection->query('SELECT `paragra...', Array, false)
#4 C:\wamp64\www\congresso\system\Model.php(145): CodeIgniter\Database\BaseBuilder->get()
#5 C:\wamp64\www\congresso\system\BaseModel.php(523): CodeIgniter\Model->doFind(false, NULL)
#6 C:\wamp64\www\congresso\app\Controllers\Ajax.php(16): CodeIgniter\BaseModel->find()
#7 C:\wamp64\www\congresso\system\CodeIgniter.php(832): App\Controllers\Ajax->index()
#8 C:\wamp64\www\congresso\system\CodeIgniter.php(419): CodeIgniter\CodeIgniter->runController(Object(App\Controllers\Ajax))
#9 C:\wamp64\www\congresso\system\CodeIgniter.php(326): CodeIgniter\CodeIgniter->handleRequest(NULL, Object(Config\Cache), false)
#10 C:\wamp64\www\congresso\public\index.php(37): CodeIgniter\CodeIgniter->run()
#11 {main}
ERROR - 2022-05-26 15:58:39 --> You have an error in your SQL syntax; check the manual that corresponds to your MySQL server version for the right syntax to use near ')' at line 3
CRITICAL - 2022-05-26 15:58:39 --> You have an error in your SQL syntax; check the manual that corresponds to your MySQL server version for the right syntax to use near ')' at line 3
#0 C:\wamp64\www\congresso\system\Database\MySQLi\Connection.php(292): mysqli->query('SELECT `paragra...', 0)
#1 C:\wamp64\www\congresso\system\Database\BaseConnection.php(670): CodeIgniter\Database\MySQLi\Connection->execute('SELECT `paragra...')
#2 C:\wamp64\www\congresso\system\Database\BaseConnection.php(598): CodeIgniter\Database\BaseConnection->simpleQuery('SELECT `paragra...')
#3 C:\wamp64\www\congresso\system\Database\BaseBuilder.php(1455): CodeIgniter\Database\BaseConnection->query('SELECT `paragra...', Array, false)
#4 C:\wamp64\www\congresso\system\Model.php(145): CodeIgniter\Database\BaseBuilder->get()
#5 C:\wamp64\www\congresso\system\BaseModel.php(523): CodeIgniter\Model->doFind(false, NULL)
#6 C:\wamp64\www\congresso\app\Controllers\Ajax.php(16): CodeIgniter\BaseModel->find()
#7 C:\wamp64\www\congresso\system\CodeIgniter.php(832): App\Controllers\Ajax->index()
#8 C:\wamp64\www\congresso\system\CodeIgniter.php(419): CodeIgniter\CodeIgniter->runController(Object(App\Controllers\Ajax))
#9 C:\wamp64\www\congresso\system\CodeIgniter.php(326): CodeIgniter\CodeIgniter->handleRequest(NULL, Object(Config\Cache), false)
#10 C:\wamp64\www\congresso\public\index.php(37): CodeIgniter\CodeIgniter->run()
#11 {main}
ERROR - 2022-05-26 16:02:57 --> You have an error in your SQL syntax; check the manual that corresponds to your MySQL server version for the right syntax to use near ')' at line 3
CRITICAL - 2022-05-26 16:02:57 --> You have an error in your SQL syntax; check the manual that corresponds to your MySQL server version for the right syntax to use near ')' at line 3
#0 C:\wamp64\www\congresso\system\Database\MySQLi\Connection.php(292): mysqli->query('SELECT `paragra...', 0)
#1 C:\wamp64\www\congresso\system\Database\BaseConnection.php(670): CodeIgniter\Database\MySQLi\Connection->execute('SELECT `paragra...')
#2 C:\wamp64\www\congresso\system\Database\BaseConnection.php(598): CodeIgniter\Database\BaseConnection->simpleQuery('SELECT `paragra...')
#3 C:\wamp64\www\congresso\system\Database\BaseBuilder.php(1455): CodeIgniter\Database\BaseConnection->query('SELECT `paragra...', Array, false)
#4 C:\wamp64\www\congresso\system\Model.php(145): CodeIgniter\Database\BaseBuilder->get()
#5 C:\wamp64\www\congresso\system\BaseModel.php(523): CodeIgniter\Model->doFind(false, NULL)
#6 C:\wamp64\www\congresso\app\Controllers\Ajax.php(16): CodeIgniter\BaseModel->find()
#7 C:\wamp64\www\congresso\system\CodeIgniter.php(832): App\Controllers\Ajax->index()
#8 C:\wamp64\www\congresso\system\CodeIgniter.php(419): CodeIgniter\CodeIgniter->runController(Object(App\Controllers\Ajax))
#9 C:\wamp64\www\congresso\system\CodeIgniter.php(326): CodeIgniter\CodeIgniter->handleRequest(NULL, Object(Config\Cache), false)
#10 C:\wamp64\www\congresso\public\index.php(37): CodeIgniter\CodeIgniter->run()
#11 {main}
