ERROR - 2022-05-25 09:33:22 --> Error connecting to the database: Uma tentativa de conexão falhou porque o componente conectado não respondeu
corretamente após um período de tempo ou a conexão estabelecida falhou
porque o host conectado não respondeu
CRITICAL - 2022-05-25 09:33:22 --> Unable to connect to the database.
Main connection [MySQLi]: Uma tentativa de conexão falhou porque o componente conectado não respondeu
corretamente após um período de tempo ou a conexão estabelecida falhou
porque o host conectado não respondeu
#0 C:\wamp64\www\congresso\system\Database\BaseConnection.php(577): CodeIgniter\Database\BaseConnection->initialize()
#1 C:\wamp64\www\congresso\system\Database\BaseBuilder.php(1455): CodeIgniter\Database\BaseConnection->query('SELECT `nr_para...', Array, false)
#2 C:\wamp64\www\congresso\system\Model.php(145): CodeIgniter\Database\BaseBuilder->get()
#3 C:\wamp64\www\congresso\system\BaseModel.php(523): CodeIgniter\Model->doFind(false, NULL)
#4 C:\wamp64\www\congresso\app\Controllers\Emendas.php(18): CodeIgniter\BaseModel->find()
#5 C:\wamp64\www\congresso\system\CodeIgniter.php(832): App\Controllers\Emendas->index()
#6 C:\wamp64\www\congresso\system\CodeIgniter.php(419): CodeIgniter\CodeIgniter->runController(Object(App\Controllers\Emendas))
#7 C:\wamp64\www\congresso\system\CodeIgniter.php(326): CodeIgniter\CodeIgniter->handleRequest(NULL, Object(Config\Cache), false)
#8 C:\wamp64\www\congresso\public\index.php(37): CodeIgniter\CodeIgniter->run()
#9 {main}
CRITICAL - 2022-05-25 11:47:07 --> Undefined array key "menu"
#0 C:\wamp64\www\congresso\app\Views\emendas.php(13): CodeIgniter\Debug\Exceptions->errorHandler(2, 'Undefined array...', 'C:\\wamp64\\www\\c...', 13)
#1 C:\wamp64\www\congresso\system\View\View.php(210): include('C:\\wamp64\\www\\c...')
#2 C:\wamp64\www\congresso\system\View\View.php(213): CodeIgniter\View\View->CodeIgniter\View\{closure}()
#3 C:\wamp64\www\congresso\system\Common.php(1089): CodeIgniter\View\View->render('emendas', Array, true)
#4 C:\wamp64\www\congresso\app\Controllers\Emendas.php(23): view('emendas', Array)
#5 C:\wamp64\www\congresso\system\CodeIgniter.php(832): App\Controllers\Emendas->index()
#6 C:\wamp64\www\congresso\system\CodeIgniter.php(419): CodeIgniter\CodeIgniter->runController(Object(App\Controllers\Emendas))
#7 C:\wamp64\www\congresso\system\CodeIgniter.php(326): CodeIgniter\CodeIgniter->handleRequest(NULL, Object(Config\Cache), false)
#8 C:\wamp64\www\congresso\public\index.php(37): CodeIgniter\CodeIgniter->run()
#9 {main}
