CRITICAL - 2022-05-27 12:45:07 --> utf8_encode(): Argument #1 ($string) must be of type string, array given
#0 C:\wamp64\www\congresso\app\Controllers\Ajax.php(15): utf8_encode(Array)
#1 C:\wamp64\www\congresso\system\CodeIgniter.php(832): App\Controllers\Ajax->index()
#2 C:\wamp64\www\congresso\system\CodeIgniter.php(419): CodeIgniter\CodeIgniter->runController(Object(App\Controllers\Ajax))
#3 C:\wamp64\www\congresso\system\CodeIgniter.php(326): CodeIgniter\CodeIgniter->handleRequest(NULL, Object(Config\Cache), false)
#4 C:\wamp64\www\congresso\public\index.php(37): CodeIgniter\CodeIgniter->run()
#5 {main}
CRITICAL - 2022-05-27 12:45:07 --> Uncaught CodeIgniter\Format\Exceptions\FormatException: Failed to parse json string, error: "Malformed UTF-8 characters, possibly incorrectly encoded". in C:\wamp64\www\congresso\system\Format\JSONFormatter.php:41
Stack trace:
#0 C:\wamp64\www\congresso\system\Format\JSONFormatter.php(41): CodeIgniter\Format\Exceptions\FormatException::forInvalidJSON('Malformed UTF-8...')
#1 C:\wamp64\www\congresso\system\API\ResponseTrait.php(341): CodeIgniter\Format\JSONFormatter->format(Array)
#2 C:\wamp64\www\congresso\system\API\ResponseTrait.php(99): CodeIgniter\Debug\Exceptions->format(Array)
#3 C:\wamp64\www\congresso\system\Debug\Exceptions.php(115): CodeIgniter\Debug\Exceptions->respond(Array, 500)
#4 [internal function]: CodeIgniter\Debug\Exceptions->exceptionHandler(Object(TypeError))
#5 {main}
  thrown
#0 [internal function]: CodeIgniter\Debug\Exceptions->shutdownHandler()
#1 {main}
CRITICAL - 2022-05-27 12:45:09 --> utf8_encode(): Argument #1 ($string) must be of type string, array given
#0 C:\wamp64\www\congresso\app\Controllers\Ajax.php(15): utf8_encode(Array)
#1 C:\wamp64\www\congresso\system\CodeIgniter.php(832): App\Controllers\Ajax->index()
#2 C:\wamp64\www\congresso\system\CodeIgniter.php(419): CodeIgniter\CodeIgniter->runController(Object(App\Controllers\Ajax))
#3 C:\wamp64\www\congresso\system\CodeIgniter.php(326): CodeIgniter\CodeIgniter->handleRequest(NULL, Object(Config\Cache), false)
#4 C:\wamp64\www\congresso\public\index.php(37): CodeIgniter\CodeIgniter->run()
#5 {main}
CRITICAL - 2022-05-27 12:45:09 --> Uncaught CodeIgniter\Format\Exceptions\FormatException: Failed to parse json string, error: "Malformed UTF-8 characters, possibly incorrectly encoded". in C:\wamp64\www\congresso\system\Format\JSONFormatter.php:41
Stack trace:
#0 C:\wamp64\www\congresso\system\Format\JSONFormatter.php(41): CodeIgniter\Format\Exceptions\FormatException::forInvalidJSON('Malformed UTF-8...')
#1 C:\wamp64\www\congresso\system\API\ResponseTrait.php(341): CodeIgniter\Format\JSONFormatter->format(Array)
#2 C:\wamp64\www\congresso\system\API\ResponseTrait.php(99): CodeIgniter\Debug\Exceptions->format(Array)
#3 C:\wamp64\www\congresso\system\Debug\Exceptions.php(115): CodeIgniter\Debug\Exceptions->respond(Array, 500)
#4 [internal function]: CodeIgniter\Debug\Exceptions->exceptionHandler(Object(TypeError))
#5 {main}
  thrown
#0 [internal function]: CodeIgniter\Debug\Exceptions->shutdownHandler()
#1 {main}
CRITICAL - 2022-05-27 12:45:09 --> utf8_encode(): Argument #1 ($string) must be of type string, array given
#0 C:\wamp64\www\congresso\app\Controllers\Ajax.php(15): utf8_encode(Array)
#1 C:\wamp64\www\congresso\system\CodeIgniter.php(832): App\Controllers\Ajax->index()
#2 C:\wamp64\www\congresso\system\CodeIgniter.php(419): CodeIgniter\CodeIgniter->runController(Object(App\Controllers\Ajax))
#3 C:\wamp64\www\congresso\system\CodeIgniter.php(326): CodeIgniter\CodeIgniter->handleRequest(NULL, Object(Config\Cache), false)
#4 C:\wamp64\www\congresso\public\index.php(37): CodeIgniter\CodeIgniter->run()
#5 {main}
CRITICAL - 2022-05-27 12:45:09 --> Uncaught CodeIgniter\Format\Exceptions\FormatException: Failed to parse json string, error: "Malformed UTF-8 characters, possibly incorrectly encoded". in C:\wamp64\www\congresso\system\Format\JSONFormatter.php:41
Stack trace:
#0 C:\wamp64\www\congresso\system\Format\JSONFormatter.php(41): CodeIgniter\Format\Exceptions\FormatException::forInvalidJSON('Malformed UTF-8...')
#1 C:\wamp64\www\congresso\system\API\ResponseTrait.php(341): CodeIgniter\Format\JSONFormatter->format(Array)
#2 C:\wamp64\www\congresso\system\API\ResponseTrait.php(99): CodeIgniter\Debug\Exceptions->format(Array)
#3 C:\wamp64\www\congresso\system\Debug\Exceptions.php(115): CodeIgniter\Debug\Exceptions->respond(Array, 500)
#4 [internal function]: CodeIgniter\Debug\Exceptions->exceptionHandler(Object(TypeError))
#5 {main}
  thrown
#0 [internal function]: CodeIgniter\Debug\Exceptions->shutdownHandler()
#1 {main}
CRITICAL - 2022-05-27 12:45:30 --> utf8_decode(): Argument #1 ($string) must be of type string, array given
#0 C:\wamp64\www\congresso\app\Controllers\Ajax.php(15): utf8_decode(Array)
#1 C:\wamp64\www\congresso\system\CodeIgniter.php(832): App\Controllers\Ajax->index()
#2 C:\wamp64\www\congresso\system\CodeIgniter.php(419): CodeIgniter\CodeIgniter->runController(Object(App\Controllers\Ajax))
#3 C:\wamp64\www\congresso\system\CodeIgniter.php(326): CodeIgniter\CodeIgniter->handleRequest(NULL, Object(Config\Cache), false)
#4 C:\wamp64\www\congresso\public\index.php(37): CodeIgniter\CodeIgniter->run()
#5 {main}
CRITICAL - 2022-05-27 12:45:30 --> Uncaught CodeIgniter\Format\Exceptions\FormatException: Failed to parse json string, error: "Malformed UTF-8 characters, possibly incorrectly encoded". in C:\wamp64\www\congresso\system\Format\JSONFormatter.php:41
Stack trace:
#0 C:\wamp64\www\congresso\system\Format\JSONFormatter.php(41): CodeIgniter\Format\Exceptions\FormatException::forInvalidJSON('Malformed UTF-8...')
#1 C:\wamp64\www\congresso\system\API\ResponseTrait.php(341): CodeIgniter\Format\JSONFormatter->format(Array)
#2 C:\wamp64\www\congresso\system\API\ResponseTrait.php(99): CodeIgniter\Debug\Exceptions->format(Array)
#3 C:\wamp64\www\congresso\system\Debug\Exceptions.php(115): CodeIgniter\Debug\Exceptions->respond(Array, 500)
#4 [internal function]: CodeIgniter\Debug\Exceptions->exceptionHandler(Object(TypeError))
#5 {main}
  thrown
#0 [internal function]: CodeIgniter\Debug\Exceptions->shutdownHandler()
#1 {main}
CRITICAL - 2022-05-27 12:46:00 --> utf8_decode(): Argument #1 ($string) must be of type string, array given
#0 C:\wamp64\www\congresso\app\Controllers\Ajax.php(15): utf8_decode(Array)
#1 C:\wamp64\www\congresso\system\CodeIgniter.php(832): App\Controllers\Ajax->index()
#2 C:\wamp64\www\congresso\system\CodeIgniter.php(419): CodeIgniter\CodeIgniter->runController(Object(App\Controllers\Ajax))
#3 C:\wamp64\www\congresso\system\CodeIgniter.php(326): CodeIgniter\CodeIgniter->handleRequest(NULL, Object(Config\Cache), false)
#4 C:\wamp64\www\congresso\public\index.php(37): CodeIgniter\CodeIgniter->run()
#5 {main}
CRITICAL - 2022-05-27 12:46:00 --> Uncaught CodeIgniter\Format\Exceptions\FormatException: Failed to parse json string, error: "Malformed UTF-8 characters, possibly incorrectly encoded". in C:\wamp64\www\congresso\system\Format\JSONFormatter.php:41
Stack trace:
#0 C:\wamp64\www\congresso\system\Format\JSONFormatter.php(41): CodeIgniter\Format\Exceptions\FormatException::forInvalidJSON('Malformed UTF-8...')
#1 C:\wamp64\www\congresso\system\API\ResponseTrait.php(341): CodeIgniter\Format\JSONFormatter->format(Array)
#2 C:\wamp64\www\congresso\system\API\ResponseTrait.php(99): CodeIgniter\Debug\Exceptions->format(Array)
#3 C:\wamp64\www\congresso\system\Debug\Exceptions.php(115): CodeIgniter\Debug\Exceptions->respond(Array, 500)
#4 [internal function]: CodeIgniter\Debug\Exceptions->exceptionHandler(Object(TypeError))
#5 {main}
  thrown
#0 [internal function]: CodeIgniter\Debug\Exceptions->shutdownHandler()
#1 {main}
CRITICAL - 2022-05-27 12:46:17 --> utf8_encode(): Argument #1 ($string) must be of type string, array given
#0 C:\wamp64\www\congresso\app\Controllers\Ajax.php(15): utf8_encode(Array)
#1 C:\wamp64\www\congresso\system\CodeIgniter.php(832): App\Controllers\Ajax->index()
#2 C:\wamp64\www\congresso\system\CodeIgniter.php(419): CodeIgniter\CodeIgniter->runController(Object(App\Controllers\Ajax))
#3 C:\wamp64\www\congresso\system\CodeIgniter.php(326): CodeIgniter\CodeIgniter->handleRequest(NULL, Object(Config\Cache), false)
#4 C:\wamp64\www\congresso\public\index.php(37): CodeIgniter\CodeIgniter->run()
#5 {main}
CRITICAL - 2022-05-27 12:46:17 --> Uncaught CodeIgniter\Format\Exceptions\FormatException: Failed to parse json string, error: "Malformed UTF-8 characters, possibly incorrectly encoded". in C:\wamp64\www\congresso\system\Format\JSONFormatter.php:41
Stack trace:
#0 C:\wamp64\www\congresso\system\Format\JSONFormatter.php(41): CodeIgniter\Format\Exceptions\FormatException::forInvalidJSON('Malformed UTF-8...')
#1 C:\wamp64\www\congresso\system\API\ResponseTrait.php(341): CodeIgniter\Format\JSONFormatter->format(Array)
#2 C:\wamp64\www\congresso\system\API\ResponseTrait.php(99): CodeIgniter\Debug\Exceptions->format(Array)
#3 C:\wamp64\www\congresso\system\Debug\Exceptions.php(115): CodeIgniter\Debug\Exceptions->respond(Array, 500)
#4 [internal function]: CodeIgniter\Debug\Exceptions->exceptionHandler(Object(TypeError))
#5 {main}
  thrown
#0 [internal function]: CodeIgniter\Debug\Exceptions->shutdownHandler()
#1 {main}
CRITICAL - 2022-05-27 12:50:10 --> Array to string conversion
#0 C:\wamp64\www\congresso\app\Controllers\Ajax.php(16): CodeIgniter\Debug\Exceptions->errorHandler(2, 'Array to string...', 'C:\\wamp64\\www\\c...', 16)
#1 C:\wamp64\www\congresso\system\CodeIgniter.php(832): App\Controllers\Ajax->index()
#2 C:\wamp64\www\congresso\system\CodeIgniter.php(419): CodeIgniter\CodeIgniter->runController(Object(App\Controllers\Ajax))
#3 C:\wamp64\www\congresso\system\CodeIgniter.php(326): CodeIgniter\CodeIgniter->handleRequest(NULL, Object(Config\Cache), false)
#4 C:\wamp64\www\congresso\public\index.php(37): CodeIgniter\CodeIgniter->run()
#5 {main}
CRITICAL - 2022-05-27 12:57:36 --> Array to string conversion
#0 C:\wamp64\www\congresso\app\Controllers\Ajax.php(15): CodeIgniter\Debug\Exceptions->errorHandler(2, 'Array to string...', 'C:\\wamp64\\www\\c...', 15)
#1 C:\wamp64\www\congresso\system\CodeIgniter.php(832): App\Controllers\Ajax->index()
#2 C:\wamp64\www\congresso\system\CodeIgniter.php(419): CodeIgniter\CodeIgniter->runController(Object(App\Controllers\Ajax))
#3 C:\wamp64\www\congresso\system\CodeIgniter.php(326): CodeIgniter\CodeIgniter->handleRequest(NULL, Object(Config\Cache), false)
#4 C:\wamp64\www\congresso\public\index.php(37): CodeIgniter\CodeIgniter->run()
#5 {main}
CRITICAL - 2022-05-27 12:58:20 --> Call to undefined function App\Controllers\uf8_encode()
#0 C:\wamp64\www\congresso\system\CodeIgniter.php(832): App\Controllers\Ajax->index()
#1 C:\wamp64\www\congresso\system\CodeIgniter.php(419): CodeIgniter\CodeIgniter->runController(Object(App\Controllers\Ajax))
#2 C:\wamp64\www\congresso\system\CodeIgniter.php(326): CodeIgniter\CodeIgniter->handleRequest(NULL, Object(Config\Cache), false)
#3 C:\wamp64\www\congresso\public\index.php(37): CodeIgniter\CodeIgniter->run()
#4 {main}
CRITICAL - 2022-05-27 13:11:35 --> base64_encode(): Argument #1 ($string) must be of type string, array given
#0 C:\wamp64\www\congresso\app\Controllers\Ajax.php(15): base64_encode(Array)
#1 C:\wamp64\www\congresso\system\CodeIgniter.php(832): App\Controllers\Ajax->index()
#2 C:\wamp64\www\congresso\system\CodeIgniter.php(419): CodeIgniter\CodeIgniter->runController(Object(App\Controllers\Ajax))
#3 C:\wamp64\www\congresso\system\CodeIgniter.php(326): CodeIgniter\CodeIgniter->handleRequest(NULL, Object(Config\Cache), false)
#4 C:\wamp64\www\congresso\public\index.php(37): CodeIgniter\CodeIgniter->run()
#5 {main}
CRITICAL - 2022-05-27 13:13:55 --> base64_encode(): Argument #1 ($string) must be of type string, array given
#0 C:\wamp64\www\congresso\app\Controllers\Ajax.php(15): base64_encode(Array)
#1 C:\wamp64\www\congresso\system\CodeIgniter.php(832): App\Controllers\Ajax->index()
#2 C:\wamp64\www\congresso\system\CodeIgniter.php(419): CodeIgniter\CodeIgniter->runController(Object(App\Controllers\Ajax))
#3 C:\wamp64\www\congresso\system\CodeIgniter.php(326): CodeIgniter\CodeIgniter->handleRequest(NULL, Object(Config\Cache), false)
#4 C:\wamp64\www\congresso\public\index.php(37): CodeIgniter\CodeIgniter->run()
#5 {main}
CRITICAL - 2022-05-27 13:13:55 --> Uncaught CodeIgniter\Format\Exceptions\FormatException: Failed to parse json string, error: "Malformed UTF-8 characters, possibly incorrectly encoded". in C:\wamp64\www\congresso\system\Format\JSONFormatter.php:41
Stack trace:
#0 C:\wamp64\www\congresso\system\Format\JSONFormatter.php(41): CodeIgniter\Format\Exceptions\FormatException::forInvalidJSON('Malformed UTF-8...')
#1 C:\wamp64\www\congresso\system\API\ResponseTrait.php(341): CodeIgniter\Format\JSONFormatter->format(Array)
#2 C:\wamp64\www\congresso\system\API\ResponseTrait.php(99): CodeIgniter\Debug\Exceptions->format(Array)
#3 C:\wamp64\www\congresso\system\Debug\Exceptions.php(115): CodeIgniter\Debug\Exceptions->respond(Array, 500)
#4 [internal function]: CodeIgniter\Debug\Exceptions->exceptionHandler(Object(TypeError))
#5 {main}
  thrown
#0 [internal function]: CodeIgniter\Debug\Exceptions->shutdownHandler()
#1 {main}
CRITICAL - 2022-05-27 13:13:56 --> base64_encode(): Argument #1 ($string) must be of type string, array given
#0 C:\wamp64\www\congresso\app\Controllers\Ajax.php(15): base64_encode(Array)
#1 C:\wamp64\www\congresso\system\CodeIgniter.php(832): App\Controllers\Ajax->index()
#2 C:\wamp64\www\congresso\system\CodeIgniter.php(419): CodeIgniter\CodeIgniter->runController(Object(App\Controllers\Ajax))
#3 C:\wamp64\www\congresso\system\CodeIgniter.php(326): CodeIgniter\CodeIgniter->handleRequest(NULL, Object(Config\Cache), false)
#4 C:\wamp64\www\congresso\public\index.php(37): CodeIgniter\CodeIgniter->run()
#5 {main}
CRITICAL - 2022-05-27 13:13:56 --> Uncaught CodeIgniter\Format\Exceptions\FormatException: Failed to parse json string, error: "Malformed UTF-8 characters, possibly incorrectly encoded". in C:\wamp64\www\congresso\system\Format\JSONFormatter.php:41
Stack trace:
#0 C:\wamp64\www\congresso\system\Format\JSONFormatter.php(41): CodeIgniter\Format\Exceptions\FormatException::forInvalidJSON('Malformed UTF-8...')
#1 C:\wamp64\www\congresso\system\API\ResponseTrait.php(341): CodeIgniter\Format\JSONFormatter->format(Array)
#2 C:\wamp64\www\congresso\system\API\ResponseTrait.php(99): CodeIgniter\Debug\Exceptions->format(Array)
#3 C:\wamp64\www\congresso\system\Debug\Exceptions.php(115): CodeIgniter\Debug\Exceptions->respond(Array, 500)
#4 [internal function]: CodeIgniter\Debug\Exceptions->exceptionHandler(Object(TypeError))
#5 {main}
  thrown
#0 [internal function]: CodeIgniter\Debug\Exceptions->shutdownHandler()
#1 {main}
CRITICAL - 2022-05-27 13:13:56 --> base64_encode(): Argument #1 ($string) must be of type string, array given
#0 C:\wamp64\www\congresso\app\Controllers\Ajax.php(15): base64_encode(Array)
#1 C:\wamp64\www\congresso\system\CodeIgniter.php(832): App\Controllers\Ajax->index()
#2 C:\wamp64\www\congresso\system\CodeIgniter.php(419): CodeIgniter\CodeIgniter->runController(Object(App\Controllers\Ajax))
#3 C:\wamp64\www\congresso\system\CodeIgniter.php(326): CodeIgniter\CodeIgniter->handleRequest(NULL, Object(Config\Cache), false)
#4 C:\wamp64\www\congresso\public\index.php(37): CodeIgniter\CodeIgniter->run()
#5 {main}
CRITICAL - 2022-05-27 13:13:56 --> Uncaught CodeIgniter\Format\Exceptions\FormatException: Failed to parse json string, error: "Malformed UTF-8 characters, possibly incorrectly encoded". in C:\wamp64\www\congresso\system\Format\JSONFormatter.php:41
Stack trace:
#0 C:\wamp64\www\congresso\system\Format\JSONFormatter.php(41): CodeIgniter\Format\Exceptions\FormatException::forInvalidJSON('Malformed UTF-8...')
#1 C:\wamp64\www\congresso\system\API\ResponseTrait.php(341): CodeIgniter\Format\JSONFormatter->format(Array)
#2 C:\wamp64\www\congresso\system\API\ResponseTrait.php(99): CodeIgniter\Debug\Exceptions->format(Array)
#3 C:\wamp64\www\congresso\system\Debug\Exceptions.php(115): CodeIgniter\Debug\Exceptions->respond(Array, 500)
#4 [internal function]: CodeIgniter\Debug\Exceptions->exceptionHandler(Object(TypeError))
#5 {main}
  thrown
#0 [internal function]: CodeIgniter\Debug\Exceptions->shutdownHandler()
#1 {main}
CRITICAL - 2022-05-27 13:46:57 --> Undefined variable $paragrafo
#0 C:\wamp64\www\congresso\app\Views\emendas.php(23): CodeIgniter\Debug\Exceptions->errorHandler(2, 'Undefined varia...', 'C:\\wamp64\\www\\c...', 23)
#1 C:\wamp64\www\congresso\system\View\View.php(210): include('C:\\wamp64\\www\\c...')
#2 C:\wamp64\www\congresso\system\View\View.php(213): CodeIgniter\View\View->CodeIgniter\View\{closure}()
#3 C:\wamp64\www\congresso\system\Common.php(1089): CodeIgniter\View\View->render('emendas', Array, true)
#4 C:\wamp64\www\congresso\app\Controllers\Emendas.php(21): view('emendas', Array)
#5 C:\wamp64\www\congresso\system\CodeIgniter.php(832): App\Controllers\Emendas->index()
#6 C:\wamp64\www\congresso\system\CodeIgniter.php(419): CodeIgniter\CodeIgniter->runController(Object(App\Controllers\Emendas))
#7 C:\wamp64\www\congresso\system\CodeIgniter.php(326): CodeIgniter\CodeIgniter->handleRequest(NULL, Object(Config\Cache), false)
#8 C:\wamp64\www\congresso\public\index.php(37): CodeIgniter\CodeIgniter->run()
#9 {main}
CRITICAL - 2022-05-27 13:47:09 --> Undefined variable $paragrafo
#0 C:\wamp64\www\congresso\app\Views\emendas.php(23): CodeIgniter\Debug\Exceptions->errorHandler(2, 'Undefined varia...', 'C:\\wamp64\\www\\c...', 23)
#1 C:\wamp64\www\congresso\system\View\View.php(210): include('C:\\wamp64\\www\\c...')
#2 C:\wamp64\www\congresso\system\View\View.php(213): CodeIgniter\View\View->CodeIgniter\View\{closure}()
#3 C:\wamp64\www\congresso\system\Common.php(1089): CodeIgniter\View\View->render('emendas', Array, true)
#4 C:\wamp64\www\congresso\app\Controllers\Emendas.php(21): view('emendas', Array)
#5 C:\wamp64\www\congresso\system\CodeIgniter.php(832): App\Controllers\Emendas->index()
#6 C:\wamp64\www\congresso\system\CodeIgniter.php(419): CodeIgniter\CodeIgniter->runController(Object(App\Controllers\Emendas))
#7 C:\wamp64\www\congresso\system\CodeIgniter.php(326): CodeIgniter\CodeIgniter->handleRequest(NULL, Object(Config\Cache), false)
#8 C:\wamp64\www\congresso\public\index.php(37): CodeIgniter\CodeIgniter->run()
#9 {main}
CRITICAL - 2022-05-27 13:48:46 --> Undefined variable $paragrafo
#0 C:\wamp64\www\congresso\app\Views\emendas.php(23): CodeIgniter\Debug\Exceptions->errorHandler(2, 'Undefined varia...', 'C:\\wamp64\\www\\c...', 23)
#1 C:\wamp64\www\congresso\system\View\View.php(210): include('C:\\wamp64\\www\\c...')
#2 C:\wamp64\www\congresso\system\View\View.php(213): CodeIgniter\View\View->CodeIgniter\View\{closure}()
#3 C:\wamp64\www\congresso\system\Common.php(1089): CodeIgniter\View\View->render('emendas', Array, true)
#4 C:\wamp64\www\congresso\app\Controllers\Emendas.php(21): view('emendas', Array)
#5 C:\wamp64\www\congresso\system\CodeIgniter.php(832): App\Controllers\Emendas->index()
#6 C:\wamp64\www\congresso\system\CodeIgniter.php(419): CodeIgniter\CodeIgniter->runController(Object(App\Controllers\Emendas))
#7 C:\wamp64\www\congresso\system\CodeIgniter.php(326): CodeIgniter\CodeIgniter->handleRequest(NULL, Object(Config\Cache), false)
#8 C:\wamp64\www\congresso\public\index.php(37): CodeIgniter\CodeIgniter->run()
#9 {main}
CRITICAL - 2022-05-27 13:48:56 --> Undefined variable $paragrafo
#0 C:\wamp64\www\congresso\app\Views\emendas.php(23): CodeIgniter\Debug\Exceptions->errorHandler(2, 'Undefined varia...', 'C:\\wamp64\\www\\c...', 23)
#1 C:\wamp64\www\congresso\system\View\View.php(210): include('C:\\wamp64\\www\\c...')
#2 C:\wamp64\www\congresso\system\View\View.php(213): CodeIgniter\View\View->CodeIgniter\View\{closure}()
#3 C:\wamp64\www\congresso\system\Common.php(1089): CodeIgniter\View\View->render('emendas', Array, true)
#4 C:\wamp64\www\congresso\app\Controllers\Emendas.php(22): view('emendas', Array)
#5 C:\wamp64\www\congresso\system\CodeIgniter.php(832): App\Controllers\Emendas->index()
#6 C:\wamp64\www\congresso\system\CodeIgniter.php(419): CodeIgniter\CodeIgniter->runController(Object(App\Controllers\Emendas))
#7 C:\wamp64\www\congresso\system\CodeIgniter.php(326): CodeIgniter\CodeIgniter->handleRequest(NULL, Object(Config\Cache), false)
#8 C:\wamp64\www\congresso\public\index.php(37): CodeIgniter\CodeIgniter->run()
#9 {main}
ERROR - 2022-05-27 14:08:22 --> Unknown column 'menu' in 'field list'
CRITICAL - 2022-05-27 14:08:22 --> Unknown column 'menu' in 'field list'
#0 C:\wamp64\www\congresso\system\Database\MySQLi\Connection.php(292): mysqli->query('SELECT `nr_para...', 0)
#1 C:\wamp64\www\congresso\system\Database\BaseConnection.php(670): CodeIgniter\Database\MySQLi\Connection->execute('SELECT `nr_para...')
#2 C:\wamp64\www\congresso\system\Database\BaseConnection.php(598): CodeIgniter\Database\BaseConnection->simpleQuery('SELECT `nr_para...')
#3 C:\wamp64\www\congresso\system\Database\BaseBuilder.php(1455): CodeIgniter\Database\BaseConnection->query('SELECT `nr_para...', Array, false)
#4 C:\wamp64\www\congresso\system\Model.php(145): CodeIgniter\Database\BaseBuilder->get()
#5 C:\wamp64\www\congresso\system\BaseModel.php(523): CodeIgniter\Model->doFind(false, NULL)
#6 C:\wamp64\www\congresso\app\Controllers\Emendas.php(18): CodeIgniter\BaseModel->find()
#7 C:\wamp64\www\congresso\system\CodeIgniter.php(832): App\Controllers\Emendas->index()
#8 C:\wamp64\www\congresso\system\CodeIgniter.php(419): CodeIgniter\CodeIgniter->runController(Object(App\Controllers\Emendas))
#9 C:\wamp64\www\congresso\system\CodeIgniter.php(326): CodeIgniter\CodeIgniter->handleRequest(NULL, Object(Config\Cache), false)
#10 C:\wamp64\www\congresso\public\index.php(37): CodeIgniter\CodeIgniter->run()
#11 {main}
ERROR - 2022-05-27 14:14:02 --> Unknown column 'menu' in 'field list'
CRITICAL - 2022-05-27 14:14:02 --> Unknown column 'menu' in 'field list'
#0 C:\wamp64\www\congresso\system\Database\MySQLi\Connection.php(292): mysqli->query('SELECT `nr_para...', 0)
#1 C:\wamp64\www\congresso\system\Database\BaseConnection.php(670): CodeIgniter\Database\MySQLi\Connection->execute('SELECT `nr_para...')
#2 C:\wamp64\www\congresso\system\Database\BaseConnection.php(598): CodeIgniter\Database\BaseConnection->simpleQuery('SELECT `nr_para...')
#3 C:\wamp64\www\congresso\system\Database\BaseBuilder.php(1455): CodeIgniter\Database\BaseConnection->query('SELECT `nr_para...', Array, false)
#4 C:\wamp64\www\congresso\system\Model.php(145): CodeIgniter\Database\BaseBuilder->get()
#5 C:\wamp64\www\congresso\system\BaseModel.php(523): CodeIgniter\Model->doFind(false, NULL)
#6 C:\wamp64\www\congresso\app\Controllers\Emendas.php(18): CodeIgniter\BaseModel->find()
#7 C:\wamp64\www\congresso\system\CodeIgniter.php(832): App\Controllers\Emendas->index()
#8 C:\wamp64\www\congresso\system\CodeIgniter.php(419): CodeIgniter\CodeIgniter->runController(Object(App\Controllers\Emendas))
#9 C:\wamp64\www\congresso\system\CodeIgniter.php(326): CodeIgniter\CodeIgniter->handleRequest(NULL, Object(Config\Cache), false)
#10 C:\wamp64\www\congresso\public\index.php(37): CodeIgniter\CodeIgniter->run()
#11 {main}
ERROR - 2022-05-27 14:32:39 --> Unknown column 'menu' in 'field list'
CRITICAL - 2022-05-27 14:32:39 --> Unknown column 'menu' in 'field list'
#0 C:\wamp64\www\congresso\system\Database\MySQLi\Connection.php(292): mysqli->query('SELECT `nr_para...', 0)
#1 C:\wamp64\www\congresso\system\Database\BaseConnection.php(670): CodeIgniter\Database\MySQLi\Connection->execute('SELECT `nr_para...')
#2 C:\wamp64\www\congresso\system\Database\BaseConnection.php(598): CodeIgniter\Database\BaseConnection->simpleQuery('SELECT `nr_para...')
#3 C:\wamp64\www\congresso\system\Database\BaseBuilder.php(1455): CodeIgniter\Database\BaseConnection->query('SELECT `nr_para...', Array, false)
#4 C:\wamp64\www\congresso\system\Model.php(145): CodeIgniter\Database\BaseBuilder->get()
#5 C:\wamp64\www\congresso\system\BaseModel.php(523): CodeIgniter\Model->doFind(false, NULL)
#6 C:\wamp64\www\congresso\app\Controllers\Emendas.php(18): CodeIgniter\BaseModel->find()
#7 C:\wamp64\www\congresso\system\CodeIgniter.php(832): App\Controllers\Emendas->index()
#8 C:\wamp64\www\congresso\system\CodeIgniter.php(419): CodeIgniter\CodeIgniter->runController(Object(App\Controllers\Emendas))
#9 C:\wamp64\www\congresso\system\CodeIgniter.php(326): CodeIgniter\CodeIgniter->handleRequest(NULL, Object(Config\Cache), false)
#10 C:\wamp64\www\congresso\public\index.php(37): CodeIgniter\CodeIgniter->run()
#11 {main}
CRITICAL - 2022-05-27 15:49:50 --> Undefined variable $nucleos
#0 C:\wamp64\www\congresso\app\Views\emendas.php(42): CodeIgniter\Debug\Exceptions->errorHandler(2, 'Undefined varia...', 'C:\\wamp64\\www\\c...', 42)
#1 C:\wamp64\www\congresso\system\View\View.php(210): include('C:\\wamp64\\www\\c...')
#2 C:\wamp64\www\congresso\system\View\View.php(213): CodeIgniter\View\View->CodeIgniter\View\{closure}()
#3 C:\wamp64\www\congresso\system\Common.php(1089): CodeIgniter\View\View->render('emendas', Array, true)
#4 C:\wamp64\www\congresso\app\Controllers\Emendas.php(21): view('emendas', Array)
#5 C:\wamp64\www\congresso\system\CodeIgniter.php(832): App\Controllers\Emendas->index()
#6 C:\wamp64\www\congresso\system\CodeIgniter.php(419): CodeIgniter\CodeIgniter->runController(Object(App\Controllers\Emendas))
#7 C:\wamp64\www\congresso\system\CodeIgniter.php(326): CodeIgniter\CodeIgniter->handleRequest(NULL, Object(Config\Cache), false)
#8 C:\wamp64\www\congresso\public\index.php(37): CodeIgniter\CodeIgniter->run()
#9 {main}
ERROR - 2022-05-27 16:38:54 --> Error connecting to the database: Uma tentativa de conexão falhou porque o componente conectado não respondeu
corretamente após um período de tempo ou a conexão estabelecida falhou
porque o host conectado não respondeu
CRITICAL - 2022-05-27 16:38:54 --> Unable to connect to the database.
Main connection [MySQLi]: Uma tentativa de conexão falhou porque o componente conectado não respondeu
corretamente após um período de tempo ou a conexão estabelecida falhou
porque o host conectado não respondeu
#0 C:\wamp64\www\congresso\system\Database\BaseConnection.php(577): CodeIgniter\Database\BaseConnection->initialize()
#1 C:\wamp64\www\congresso\system\Database\BaseBuilder.php(1455): CodeIgniter\Database\BaseConnection->query('SELECT `nr_para...', Array, false)
#2 C:\wamp64\www\congresso\system\Model.php(145): CodeIgniter\Database\BaseBuilder->get()
#3 C:\wamp64\www\congresso\system\BaseModel.php(523): CodeIgniter\Model->doFind(false, NULL)
#4 C:\wamp64\www\congresso\app\Controllers\Emendas.php(18): CodeIgniter\BaseModel->find()
#5 C:\wamp64\www\congresso\system\CodeIgniter.php(832): App\Controllers\Emendas->index()
#6 C:\wamp64\www\congresso\system\CodeIgniter.php(419): CodeIgniter\CodeIgniter->runController(Object(App\Controllers\Emendas))
#7 C:\wamp64\www\congresso\system\CodeIgniter.php(326): CodeIgniter\CodeIgniter->handleRequest(NULL, Object(Config\Cache), false)
#8 C:\wamp64\www\congresso\public\index.php(37): CodeIgniter\CodeIgniter->run()
#9 {main}
